{"logTime": "0623/122518", "correlationVector":"D/SSohzoP1d47/90RMBCZR.1","action":"SyncServerConnectionManagerRequest", "result":"SYNC_SERVER_OK", "context":{"environment":"Prod_southindia_prod-s01-004-apac-southindia", "migrationStage":"NotStarted", "server":"akswtt10500007e"}}
{"logTime": "0623/122518", "correlationVector":"D/SSohzoP1d47/90RMBCZR.2","action":"ProcessGetUpdates", "result":"Done", "context":{"dataType":"Encryption Keys", "deleted":"0", "process_failed_to_decrypt":"0", "process_pending_decryption":"0", "process_success":"1", "total":"1"}}
{"logTime": "0623/122518", "correlationVector":"CTkLcIaEZDm0abgu1peeWB","action":"SyncServerConnectionManagerRequest", "result":"SYNC_SERVER_ERROR", "context":{"environment":"", "error_type":"http_status_code", "error_value":"400", "migrationStage":"", "server":""}}
{"logTime": "0623/122518", "correlationVector":"D/SSohzoP1d47/90RMBCZR","action":"Initial GetUpdates", "result":"", "context":Reason: NEW_CLIENT. cV=D/SSohzoP1d47/90RMBCZR}
{"logTime": "0623/122518", "correlationVector":"D/SSohzoP1d47/90RMBCZR.3","action":"GetUpdates Response", "result":"Success", "context":Received 1 update(s). cV=D/SSohzoP1d47/90RMBCZR.0;server=akswtt10500007e;cloudType=Consumer;environment=Prod_southindia_prod-s01-004-apac-southindia;migrationStage=NotStarted}
{"logTime": "0623/122518", "correlationVector":"tAREGTxZ6Z1zwlwTJ0hggJ","action":"Initial GetUpdates", "result":"", "context":Reason: NEW_CLIENT. cV=tAREGTxZ6Z1zwlwTJ0hggJ}
{"logTime": "0623/122519", "correlationVector":"tAREGTxZ6Z1zwlwTJ0hggJ.1","action":"SyncServerConnectionManagerRequest", "result":"SYNC_SERVER_OK", "context":{"environment":"Prod_southindia_prod-s01-004-apac-southindia", "migrationStage":"NotStarted", "server":"akswtt10500005o"}}
{"logTime": "0623/122519", "correlationVector":"tAREGTxZ6Z1zwlwTJ0hggJ.2","action":"ProcessGetUpdates", "result":"Done", "context":{"dataType":"Preferences", "deleted":"0", "process_failed_to_decrypt":"0", "process_pending_decryption":"0", "process_success":"81", "total":"81"}}
{"logTime": "0623/122519", "correlationVector":"tAREGTxZ6Z1zwlwTJ0hggJ.3","action":"ProcessGetUpdates", "result":"Done", "context":{"dataType":"Device Info", "deleted":"0", "process_failed_to_decrypt":"0", "process_pending_decryption":"0", "process_success":"12", "total":"12"}}
{"logTime": "0623/122519", "correlationVector":"tAREGTxZ6Z1zwlwTJ0hggJ.4","action":"GetUpdates Response", "result":"Success", "context":Received 93 update(s). cV=tAREGTxZ6Z1zwlwTJ0hggJ.0;server=akswtt10500005o;cloudType=Consumer;environment=Prod_southindia_prod-s01-004-apac-southindia;migrationStage=NotStarted}
{"logTime": "0623/122519", "correlationVector":"qxRkAIhXkDfdVDeOP8lOH1","action":"SyncServerConnectionManagerRequest", "result":"SYNC_SERVER_ERROR", "context":{"environment":"", "error_type":"http_status_code", "error_value":"400", "migrationStage":"", "server":""}}
{"logTime": "0623/122519", "correlationVector":"JtZIl2nijLBkvEdBAi4WQf","action":"Initial GetUpdates", "result":"", "context":Reason: NEW_CLIENT. cV=JtZIl2nijLBkvEdBAi4WQf}
{"logTime": "0623/122520", "correlationVector":"JtZIl2nijLBkvEdBAi4WQf.1","action":"SyncServerConnectionManagerRequest", "result":"SYNC_SERVER_OK", "context":{"environment":"Prod_southindia_prod-s01-004-apac-southindia", "migrationStage":"NotStarted", "server":"akswtt10500007u"}}
{"logTime": "0623/122520", "correlationVector":"JtZIl2nijLBkvEdBAi4WQf.2","action":"ProcessGetUpdates", "result":"Done", "context":{"dataType":"Bookmarks", "deleted":"0", "process_failed_to_decrypt":"0", "process_pending_decryption":"0", "process_success":"139", "total":"139"}}
{"logTime": "0623/122520", "correlationVector":"JtZIl2nijLBkvEdBAi4WQf.3","action":"GetUpdates Response", "result":"Success", "context":Received 139 update(s). cV=JtZIl2nijLBkvEdBAi4WQf.0;server=akswtt10500007u;cloudType=Consumer;environment=Prod_southindia_prod-s01-004-apac-southindia;migrationStage=NotStarted}
{"logTime": "0623/122520", "correlationVector":"7DaAsojMPPWYCiT2oPxjzB","action":"SyncServerConnectionManagerRequest", "result":"SYNC_SERVER_ERROR", "context":{"environment":"", "error_type":"http_status_code", "error_value":"400", "migrationStage":"", "server":""}}
{"logTime": "0623/122521", "correlationVector":"plJq193HcBIVaAg/5yd2a+","action":"Initial GetUpdates", "result":"", "context":Reason: NEW_CLIENT. cV=plJq193HcBIVaAg/5yd2a+}
{"logTime": "0623/122521", "correlationVector":"plJq193HcBIVaAg/5yd2a+.1","action":"SyncServerConnectionManagerRequest", "result":"SYNC_SERVER_OK", "context":{"environment":"Prod_southindia_prod-s01-004-apac-southindia", "migrationStage":"NotStarted", "server":"akswtt10500006e"}}
{"logTime": "0623/122521", "correlationVector":"plJq193HcBIVaAg/5yd2a+.2","action":"ProcessGetUpdates", "result":"Done", "context":{"dataType":"Extensions", "deleted":"0", "process_failed_to_decrypt":"0", "process_pending_decryption":"0", "process_success":"16", "total":"16"}}
{"logTime": "0623/122521", "correlationVector":"plJq193HcBIVaAg/5yd2a+.3","action":"ProcessGetUpdates", "result":"Done", "context":{"dataType":"Sessions", "deleted":"0", "process_failed_to_decrypt":"0", "process_pending_decryption":"0", "process_success":"2", "total":"2"}}
{"logTime": "0623/122521", "correlationVector":"plJq193HcBIVaAg/5yd2a+.4","action":"ProcessGetUpdates", "result":"Done", "context":{"dataType":"Extension settings", "deleted":"0", "process_failed_to_decrypt":"0", "process_pending_decryption":"0", "process_success":"5", "total":"5"}}
{"logTime": "0623/122521", "correlationVector":"plJq193HcBIVaAg/5yd2a+.5","action":"GetUpdates Response", "result":"Success", "context":Received 23 update(s). cV=plJq193HcBIVaAg/5yd2a+.0;server=akswtt10500006e;cloudType=Consumer;environment=Prod_southindia_prod-s01-004-apac-southindia;migrationStage=NotStarted}
{"logTime": "0623/122521", "correlationVector":"dBRL2MIFjgaemiVf9Zfwvn","action":"SyncServerConnectionManagerRequest", "result":"SYNC_SERVER_ERROR", "context":{"environment":"", "error_type":"http_status_code", "error_value":"400", "migrationStage":"", "server":""}}
{"logTime": "0623/122521", "correlationVector":"Y0AiItmm9m6Dx0gMn9aUk5","action":"Initial GetUpdates", "result":"", "context":Reason: NEW_CLIENT. cV=Y0AiItmm9m6Dx0gMn9aUk5}
{"logTime": "0623/122522", "correlationVector":"Y0AiItmm9m6Dx0gMn9aUk5.1","action":"SyncServerConnectionManagerRequest", "result":"SYNC_SERVER_OK", "context":{"environment":"Prod_southeastasia_prod-s01-065-apac-southeastasia", "migrationStage":"NotStarted", "server":"akswtt00100003r"}}
{"logTime": "0623/122522", "correlationVector":"Y0AiItmm9m6Dx0gMn9aUk5.2","action":"GetUpdates Response", "result":"Success", "context":Received 0 update(s). cV=Y0AiItmm9m6Dx0gMn9aUk5.0;server=akswtt00100003r;cloudType=Consumer;environment=Prod_southeastasia_prod-s01-065-apac-southeastasia;migrationStage=NotStarted}
{"logTime": "0623/122522", "correlationVector":"RIrDMFzB2bbRxoGtFoB31R","action":"SyncServerConnectionManagerRequest", "result":"SYNC_SERVER_ERROR", "context":{"environment":"", "error_type":"http_status_code", "error_value":"400", "migrationStage":"", "server":""}}
{"logTime": "0623/122522", "correlationVector":"8+cY3XhpBDACNspcYNff9p","action":"Normal GetUpdate request", "result":"", "context":cV=8+cY3XhpBDACNspcYNff9p
Nudged types: Sessions, Device Info, User Consents
Refresh requested types: Bookmarks, Preferences, Extensions, Sessions, Extension settings, History Delete Directives, Device Info, User Consents, Send Tab To Self, Web Apps, History, Saved Tab Group, WebAuthn Credentials, Edge E Drop, Edge Hub App Usage, Edge Wallet, Edge Workspace, Encryption Keys}
{"logTime": "0623/122523", "correlationVector":"8+cY3XhpBDACNspcYNff9p.1","action":"SyncServerConnectionManagerRequest", "result":"SYNC_SERVER_OK", "context":{"environment":"Prod_southindia_prod-s01-004-apac-southindia", "migrationStage":"NotStarted", "server":"akswtt10500003r"}}
{"logTime": "0623/122523", "correlationVector":"8+cY3XhpBDACNspcYNff9p.2","action":"GetUpdates Response", "result":"Success", "context":Received 0 update(s). cV=8+cY3XhpBDACNspcYNff9p.0;server=akswtt10500003r;cloudType=Consumer;environment=Prod_southindia_prod-s01-004-apac-southindia;migrationStage=NotStarted}
{"logTime": "0623/122523", "correlationVector":"xRRuCpfBBwiB/LbgJ0y6YR","action":"DoCompareDataConsistency requsted types: ", "result":"Bookmarks, Preferences, Extensions, Extension settings, History Delete Directives, Send Tab To Self, Web Apps, History, Saved Tab Group, WebAuthn Credentials, Edge E Drop, Edge Wallet, Edge Workspace, Encryption Keys"}
{"logTime": "0623/122523", "correlationVector":"xRRuCpfBBwiB/LbgJ0y6YR.0","action":"CompareDataConsistency result: ", "result":"Compare result: Encryption Keys is consistent. local entities count is: 1 local entities hash is: rzJSTtS7xO4kuBhI3S95fY123MI="}
{"logTime": "0623/122523", "correlationVector":"xRRuCpfBBwiB/LbgJ0y6YR.1","action":"CompareDataConsistency result: ", "result":"Compare result: Bookmarks is consistent. local entities count is: 133 local entities hash is: aqU9+A343BtfLIJyG6yCckLtOqs="}
{"logTime": "0623/122523", "correlationVector":"xRRuCpfBBwiB/LbgJ0y6YR.2","action":"CompareDataConsistency result: ", "result":"Compare result: Preferences is consistent. local entities count is: 81 local entities hash is: CZEh1LZZwV+zAL9sZjrOweZJgGY="}
{"logTime": "0623/122523", "correlationVector":"xRRuCpfBBwiB/LbgJ0y6YR.3","action":"CompareDataConsistency result: ", "result":"Compare result: Extensions is consistent. local entities count is: 16 local entities hash is: UMQZxhQkQnhK2/e88CdrBYkeM84="}
{"logTime": "0623/122523", "correlationVector":"xRRuCpfBBwiB/LbgJ0y6YR.4","action":"CompareDataConsistency result: ", "result":"Compare result: Extension settings is consistent. local entities count is: 5 local entities hash is: zvGRlpY2z1qejwKUF6dAheB9GQU="}
{"logTime": "0623/122523", "correlationVector":"xRRuCpfBBwiB/LbgJ0y6YR.5","action":"CompareDataConsistency result: ", "result":"Compare result: History Delete Directives is consistent. local entities count is: 0 local entities hash is: "}
{"logTime": "0623/122523", "correlationVector":"xRRuCpfBBwiB/LbgJ0y6YR.6","action":"CompareDataConsistency result: ", "result":"Server did not send this Send Tab To Self local entities count is: 0 local entities hash is: "}
{"logTime": "0623/122523", "correlationVector":"xRRuCpfBBwiB/LbgJ0y6YR.7","action":"CompareDataConsistency result: ", "result":"Compare result: Web Apps is consistent. local entities count is: 0 local entities hash is: "}
{"logTime": "0623/122523", "correlationVector":"xRRuCpfBBwiB/LbgJ0y6YR.8","action":"CompareDataConsistency result: ", "result":"Server did not send this History local entities count is: 0 local entities hash is: "}
{"logTime": "0623/122523", "correlationVector":"xRRuCpfBBwiB/LbgJ0y6YR.9","action":"CompareDataConsistency result: ", "result":"Compare result: Saved Tab Group is consistent. local entities count is: 0 local entities hash is: "}
{"logTime": "0623/122523", "correlationVector":"xRRuCpfBBwiB/LbgJ0y6YR.10","action":"CompareDataConsistency result: ", "result":"Server did not send this WebAuthn Credentials local entities count is: 0 local entities hash is: "}
{"logTime": "0623/122523", "correlationVector":"xRRuCpfBBwiB/LbgJ0y6YR.11","action":"CompareDataConsistency result: ", "result":"Compare result: Edge E Drop is consistent. local entities count is: 0 local entities hash is: "}
{"logTime": "0623/122523", "correlationVector":"xRRuCpfBBwiB/LbgJ0y6YR.12","action":"CompareDataConsistency result: ", "result":"Compare result: Edge Wallet is consistent. local entities count is: 0 local entities hash is: "}
{"logTime": "0623/122523", "correlationVector":"xRRuCpfBBwiB/LbgJ0y6YR.13","action":"CompareDataConsistency result: ", "result":"Server did not send this Edge Workspace local entities count is: 0 local entities hash is: "}
{"logTime": "0623/122523", "correlationVector":"nsvtJ8GSwOYONvGAlKmjNd","action":"Commit Request", "result":"", "context":Item count: 4
Contributing types: Sessions, Device Info, User Consents}
